<?xml version="1.0" encoding="UTF-8"?>
<testng-results skipped="0" failed="0" total="1" passed="1">
  <reporter-output>
  </reporter-output>
  <suite name="Default suite" duration-ms="43246" started-at="2016-06-20T11:27:31Z" finished-at="2016-06-20T11:28:14Z">
    <groups>
      <group name="p1">
        <method signature="annotationsTesting.loginTest(java.lang.String, java.lang.String)[pri:0, instance:com.test.testng.annotationsTesting@1243f31]" name="loginTest" class="com.test.testng.annotationsTesting"/>
      </group> <!-- p1 -->
    </groups>
    <test name="Default test" duration-ms="43246" started-at="2016-06-20T11:27:31Z" finished-at="2016-06-20T11:28:14Z">
      <class name="com.test.testng.annotationsTesting">
        <test-method status="PASS" signature="accessURL()[pri:0, instance:com.test.testng.annotationsTesting@1243f31]" name="accessURL" is-config="true" duration-ms="21376" started-at="2016-06-20T16:57:31Z" finished-at="2016-06-20T16:57:52Z">
          <reporter-output>
          </reporter-output>
        </test-method> <!-- accessURL -->
        <test-method status="PASS" signature="loginTest(java.lang.String, java.lang.String)[pri:0, instance:com.test.testng.annotationsTesting@1243f31]" name="loginTest" duration-ms="19819" started-at="2016-06-20T16:57:52Z" finished-at="2016-06-20T16:58:12Z">
          <params>
            <param index="0">
              <value>
                <![CDATA[sarahrealizeadmin]]>
              </value>
            </param>
            <param index="1">
              <value>
                <![CDATA[password1]]>
              </value>
            </param>
          </params>
          <reporter-output>
          </reporter-output>
        </test-method> <!-- loginTest -->
        <test-method status="PASS" signature="terminateDriver()[pri:0, instance:com.test.testng.annotationsTesting@1243f31]" name="terminateDriver" is-config="true" duration-ms="1973" started-at="2016-06-20T16:58:12Z" finished-at="2016-06-20T16:58:14Z">
          <reporter-output>
          </reporter-output>
        </test-method> <!-- terminateDriver -->
      </class> <!-- com.test.testng.annotationsTesting -->
    </test> <!-- Default test -->
  </suite> <!-- Default suite -->
</testng-results>
