<?xml version="1.0" encoding="UTF-8"?>
<testng-results skipped="0" failed="0" total="2" passed="2">
  <reporter-output>
  </reporter-output>
  <suite name="MySuite" duration-ms="35" started-at="2016-06-15T15:22:59Z" finished-at="2016-06-15T15:22:59Z">
    <groups>
      <group name="p1">
        <method signature="annotationsTesting.test1()[pri:0, instance:com.test.testng.annotationsTesting@822268]" name="test1" class="com.test.testng.annotationsTesting"/>
        <method signature="annotationsTesting.test3()[pri:0, instance:com.test.testng.annotationsTesting@822268]" name="test3" class="com.test.testng.annotationsTesting"/>
      </group>
    </groups>
    <test name="priority test cases" duration-ms="35" started-at="2016-06-15T15:22:59Z" finished-at="2016-06-15T15:22:59Z">
      <class name="com.test.testng.annotationsTesting">
        <test-method status="PASS" signature="beforeclass()[pri:0, instance:com.test.testng.annotationsTesting@822268]" name="beforeclass" is-config="true" duration-ms="11" started-at="2016-06-15T15:22:59Z" finished-at="2016-06-15T15:22:59Z">
        </test-method>
        <test-method status="PASS" signature="beforemethod()[pri:0, instance:com.test.testng.annotationsTesting@822268]" name="beforemethod" is-config="true" duration-ms="1" started-at="2016-06-15T15:22:59Z" finished-at="2016-06-15T15:22:59Z">
        </test-method>
        <test-method status="PASS" signature="test1()[pri:0, instance:com.test.testng.annotationsTesting@822268]" name="test1" duration-ms="1" started-at="2016-06-15T15:22:59Z" finished-at="2016-06-15T15:22:59Z">
        </test-method>
        <test-method status="PASS" signature="beforemethod()[pri:0, instance:com.test.testng.annotationsTesting@822268]" name="beforemethod" is-config="true" duration-ms="0" started-at="2016-06-15T15:22:59Z" finished-at="2016-06-15T15:22:59Z">
        </test-method>
        <test-method status="PASS" signature="test3()[pri:0, instance:com.test.testng.annotationsTesting@822268]" name="test3" duration-ms="0" started-at="2016-06-15T15:22:59Z" finished-at="2016-06-15T15:22:59Z">
        </test-method>
      </class>
    </test>
  </suite>
</testng-results>
