<?xml version="1.0" encoding="UTF-8"?>
<testng-results skipped="0" failed="0" total="1" passed="1">
  <reporter-output>
  </reporter-output>
  <suite name="MySuite" duration-ms="52" started-at="2016-06-16T17:45:10Z" finished-at="2016-06-16T17:45:10Z">
    <groups>
      <group name="p1">
        <method signature="annotationsTesting.test1()[pri:0, instance:com.test.testng.annotationsTesting@110dc7d]" name="test1" class="com.test.testng.annotationsTesting"/>
      </group>
    </groups>
    <test name="priority test cases" duration-ms="52" started-at="2016-06-16T17:45:10Z" finished-at="2016-06-16T17:45:10Z">
      <class name="com.test.testng.annotationsTesting">
        <test-method status="PASS" signature="beforeclass()[pri:0, instance:com.test.testng.annotationsTesting@110dc7d]" name="beforeclass" is-config="true" duration-ms="14" started-at="2016-06-16T17:45:10Z" finished-at="2016-06-16T17:45:10Z">
        </test-method>
        <test-method status="PASS" signature="beforemethod()[pri:0, instance:com.test.testng.annotationsTesting@110dc7d]" name="beforemethod" is-config="true" duration-ms="0" started-at="2016-06-16T17:45:10Z" finished-at="2016-06-16T17:45:10Z">
        </test-method>
        <test-method status="PASS" signature="test1()[pri:0, instance:com.test.testng.annotationsTesting@110dc7d]" name="test1" duration-ms="2" started-at="2016-06-16T17:45:10Z" finished-at="2016-06-16T17:45:10Z">
        </test-method>
      </class>
    </test>
  </suite>
</testng-results>
