<?xml version="1.0" encoding="UTF-8"?>
<!-- Generated by org.testng.reporters.JUnitXMLReporter -->
<testsuite hostname="ES-SYS-262" name="priority test cases" tests="4" failures="0" timestamp="15 Jun 2016 09:40:43 GMT" time="0.075" errors="0">
  <testcase name="test1" time="0.006" classname="com.test.testng.annotationsTesting"/>
  <testcase name="test2" time="0.003" classname="com.test.testng.annotationsTesting"/>
  <testcase name="test3" time="0.003" classname="com.test.testng.annotationsTesting"/>
  <testcase name="testDependency" time="0.002" classname="com.test.testng.annotationsTesting"/>
</testsuite> <!-- priority test cases -->
